<?xml version="1.0" encoding="UTF-8"?>
<testsuite xmlns:xsi="http://www.w3.org/2001/XMLSchema-instance" xsi:noNamespaceSchemaLocation="https://maven.apache.org/surefire/maven-surefire-plugin/xsd/surefire-test-report.xsd" name="com.attsw.attsw_exam.AttswExamApplicationTests" time="10.991" tests="35" errors="0" skipped="0" failures="0">
  <properties>
    <property name="sun.desktop" value="windows"/>
    <property name="awt.toolkit" value="sun.awt.windows.WToolkit"/>
    <property name="java.specification.version" value="11"/>
    <property name="sun.cpu.isalist" value="amd64"/>
    <property name="sun.jnu.encoding" value="Cp1252"/>
    <property name="java.class.path" value="C:\Users\subhashbabu.yamparal\Downloads\attsw_exam (2)\target\test-classes;C:\Users\subhashbabu.yamparal\Downloads\attsw_exam (2)\target\classes;C:\Users\subhashbabu.yamparal\.m2\repository\org\springframework\boot\spring-boot-starter-data-jpa\2.6.4\spring-boot-starter-data-jpa-2.6.4.jar;C:\Users\subhashbabu.yamparal\.m2\repository\org\springframework\boot\spring-boot-starter-aop\2.6.4\spring-boot-starter-aop-2.6.4.jar;C:\Users\subhashbabu.yamparal\.m2\repository\org\springframework\spring-aop\5.3.16\spring-aop-5.3.16.jar;C:\Users\subhashbabu.yamparal\.m2\repository\org\aspectj\aspectjweaver\1.9.7\aspectjweaver-1.9.7.jar;C:\Users\subhashbabu.yamparal\.m2\repository\org\springframework\boot\spring-boot-starter-jdbc\2.6.4\spring-boot-starter-jdbc-2.6.4.jar;C:\Users\subhashbabu.yamparal\.m2\repository\com\zaxxer\HikariCP\4.0.3\HikariCP-4.0.3.jar;C:\Users\subhashbabu.yamparal\.m2\repository\org\springframework\spring-jdbc\5.3.16\spring-jdbc-5.3.16.jar;C:\Users\subhashbabu.yamparal\.m2\repository\jakarta\transaction\jakarta.transaction-api\1.3.3\jakarta.transaction-api-1.3.3.jar;C:\Users\subhashbabu.yamparal\.m2\repository\jakarta\persistence\jakarta.persistence-api\2.2.3\jakarta.persistence-api-2.2.3.jar;C:\Users\subhashbabu.yamparal\.m2\repository\org\hibernate\hibernate-core\5.6.5.Final\hibernate-core-5.6.5.Final.jar;C:\Users\subhashbabu.yamparal\.m2\repository\org\jboss\logging\jboss-logging\3.4.3.Final\jboss-logging-3.4.3.Final.jar;C:\Users\subhashbabu.yamparal\.m2\repository\net\bytebuddy\byte-buddy\1.11.22\byte-buddy-1.11.22.jar;C:\Users\subhashbabu.yamparal\.m2\repository\antlr\antlr\2.7.7\antlr-2.7.7.jar;C:\Users\subhashbabu.yamparal\.m2\repository\org\jboss\jandex\2.4.2.Final\jandex-2.4.2.Final.jar;C:\Users\subhashbabu.yamparal\.m2\repository\com\fasterxml\classmate\1.5.1\classmate-1.5.1.jar;C:\Users\subhashbabu.yamparal\.m2\repository\org\hibernate\common\hibernate-commons-annotations\5.1.2.Final\hibernate-commons-annotations-5.1.2.Final.jar;C:\Users\subhashbabu.yamparal\.m2\repository\org\glassfish\jaxb\jaxb-runtime\2.3.6\jaxb-runtime-2.3.6.jar;C:\Users\subhashbabu.yamparal\.m2\repository\org\glassfish\jaxb\txw2\2.3.6\txw2-2.3.6.jar;C:\Users\subhashbabu.yamparal\.m2\repository\com\sun\istack\istack-commons-runtime\3.0.12\istack-commons-runtime-3.0.12.jar;C:\Users\subhashbabu.yamparal\.m2\repository\com\sun\activation\jakarta.activation\1.2.2\jakarta.activation-1.2.2.jar;C:\Users\subhashbabu.yamparal\.m2\repository\org\springframework\data\spring-data-jpa\2.6.2\spring-data-jpa-2.6.2.jar;C:\Users\subhashbabu.yamparal\.m2\repository\org\springframework\data\spring-data-commons\2.6.2\spring-data-commons-2.6.2.jar;C:\Users\subhashbabu.yamparal\.m2\repository\org\springframework\spring-orm\5.3.16\spring-orm-5.3.16.jar;C:\Users\subhashbabu.yamparal\.m2\repository\org\springframework\spring-context\5.3.16\spring-context-5.3.16.jar;C:\Users\subhashbabu.yamparal\.m2\repository\org\springframework\spring-tx\5.3.16\spring-tx-5.3.16.jar;C:\Users\subhashbabu.yamparal\.m2\repository\org\springframework\spring-beans\5.3.16\spring-beans-5.3.16.jar;C:\Users\subhashbabu.yamparal\.m2\repository\org\slf4j\slf4j-api\1.7.36\slf4j-api-1.7.36.jar;C:\Users\subhashbabu.yamparal\.m2\repository\org\springframework\spring-aspects\5.3.16\spring-aspects-5.3.16.jar;C:\Users\subhashbabu.yamparal\.m2\repository\org\springframework\boot\spring-boot-starter-web\2.6.4\spring-boot-starter-web-2.6.4.jar;C:\Users\subhashbabu.yamparal\.m2\repository\org\springframework\boot\spring-boot-starter\2.6.4\spring-boot-starter-2.6.4.jar;C:\Users\subhashbabu.yamparal\.m2\repository\org\springframework\boot\spring-boot\2.6.4\spring-boot-2.6.4.jar;C:\Users\subhashbabu.yamparal\.m2\repository\org\springframework\boot\spring-boot-autoconfigure\2.6.4\spring-boot-autoconfigure-2.6.4.jar;C:\Users\subhashbabu.yamparal\.m2\repository\org\springframework\boot\spring-boot-starter-logging\2.6.4\spring-boot-starter-logging-2.6.4.jar;C:\Users\subhashbabu.yamparal\.m2\repository\ch\qos\logback\logback-classic\1.2.10\logback-classic-1.2.10.jar;C:\Users\subhashbabu.yamparal\.m2\repository\ch\qos\logback\logback-core\1.2.10\logback-core-1.2.10.jar;C:\Users\subhashbabu.yamparal\.m2\repository\org\apache\logging\log4j\log4j-to-slf4j\2.17.1\log4j-to-slf4j-2.17.1.jar;C:\Users\subhashbabu.yamparal\.m2\repository\org\apache\logging\log4j\log4j-api\2.17.1\log4j-api-2.17.1.jar;C:\Users\subhashbabu.yamparal\.m2\repository\org\slf4j\jul-to-slf4j\1.7.36\jul-to-slf4j-1.7.36.jar;C:\Users\subhashbabu.yamparal\.m2\repository\jakarta\annotation\jakarta.annotation-api\1.3.5\jakarta.annotation-api-1.3.5.jar;C:\Users\subhashbabu.yamparal\.m2\repository\org\yaml\snakeyaml\1.29\snakeyaml-1.29.jar;C:\Users\subhashbabu.yamparal\.m2\repository\org\springframework\boot\spring-boot-starter-json\2.6.4\spring-boot-starter-json-2.6.4.jar;C:\Users\subhashbabu.yamparal\.m2\repository\com\fasterxml\jackson\core\jackson-databind\2.13.1\jackson-databind-2.13.1.jar;C:\Users\subhashbabu.yamparal\.m2\repository\com\fasterxml\jackson\core\jackson-annotations\2.13.1\jackson-annotations-2.13.1.jar;C:\Users\subhashbabu.yamparal\.m2\repository\com\fasterxml\jackson\core\jackson-core\2.13.1\jackson-core-2.13.1.jar;C:\Users\subhashbabu.yamparal\.m2\repository\com\fasterxml\jackson\datatype\jackson-datatype-jdk8\2.13.1\jackson-datatype-jdk8-2.13.1.jar;C:\Users\subhashbabu.yamparal\.m2\repository\com\fasterxml\jackson\datatype\jackson-datatype-jsr310\2.13.1\jackson-datatype-jsr310-2.13.1.jar;C:\Users\subhashbabu.yamparal\.m2\repository\com\fasterxml\jackson\module\jackson-module-parameter-names\2.13.1\jackson-module-parameter-names-2.13.1.jar;C:\Users\subhashbabu.yamparal\.m2\repository\org\springframework\boot\spring-boot-starter-tomcat\2.6.4\spring-boot-starter-tomcat-2.6.4.jar;C:\Users\subhashbabu.yamparal\.m2\repository\org\apache\tomcat\embed\tomcat-embed-core\9.0.58\tomcat-embed-core-9.0.58.jar;C:\Users\subhashbabu.yamparal\.m2\repository\org\apache\tomcat\embed\tomcat-embed-el\9.0.58\tomcat-embed-el-9.0.58.jar;C:\Users\subhashbabu.yamparal\.m2\repository\org\apache\tomcat\embed\tomcat-embed-websocket\9.0.58\tomcat-embed-websocket-9.0.58.jar;C:\Users\subhashbabu.yamparal\.m2\repository\org\springframework\spring-web\5.3.16\spring-web-5.3.16.jar;C:\Users\subhashbabu.yamparal\.m2\repository\org\springframework\spring-webmvc\5.3.16\spring-webmvc-5.3.16.jar;C:\Users\subhashbabu.yamparal\.m2\repository\org\springframework\spring-expression\5.3.16\spring-expression-5.3.16.jar;C:\Users\subhashbabu.yamparal\.m2\repository\org\projectlombok\lombok\1.18.22\lombok-1.18.22.jar;C:\Users\subhashbabu.yamparal\.m2\repository\org\springframework\boot\spring-boot-starter-test\2.6.4\spring-boot-starter-test-2.6.4.jar;C:\Users\subhashbabu.yamparal\.m2\repository\org\springframework\boot\spring-boot-test\2.6.4\spring-boot-test-2.6.4.jar;C:\Users\subhashbabu.yamparal\.m2\repository\org\springframework\boot\spring-boot-test-autoconfigure\2.6.4\spring-boot-test-autoconfigure-2.6.4.jar;C:\Users\subhashbabu.yamparal\.m2\repository\com\jayway\jsonpath\json-path\2.6.0\json-path-2.6.0.jar;C:\Users\subhashbabu.yamparal\.m2\repository\net\minidev\json-smart\2.4.8\json-smart-2.4.8.jar;C:\Users\subhashbabu.yamparal\.m2\repository\net\minidev\accessors-smart\2.4.8\accessors-smart-2.4.8.jar;C:\Users\subhashbabu.yamparal\.m2\repository\org\ow2\asm\asm\9.1\asm-9.1.jar;C:\Users\subhashbabu.yamparal\.m2\repository\jakarta\xml\bind\jakarta.xml.bind-api\2.3.3\jakarta.xml.bind-api-2.3.3.jar;C:\Users\subhashbabu.yamparal\.m2\repository\jakarta\activation\jakarta.activation-api\1.2.2\jakarta.activation-api-1.2.2.jar;C:\Users\subhashbabu.yamparal\.m2\repository\org\assertj\assertj-core\3.21.0\assertj-core-3.21.0.jar;C:\Users\subhashbabu.yamparal\.m2\repository\org\hamcrest\hamcrest\2.2\hamcrest-2.2.jar;C:\Users\subhashbabu.yamparal\.m2\repository\org\junit\jupiter\junit-jupiter\5.8.2\junit-jupiter-5.8.2.jar;C:\Users\subhashbabu.yamparal\.m2\repository\org\junit\jupiter\junit-jupiter-api\5.8.2\junit-jupiter-api-5.8.2.jar;C:\Users\subhashbabu.yamparal\.m2\repository\org\opentest4j\opentest4j\1.2.0\opentest4j-1.2.0.jar;C:\Users\subhashbabu.yamparal\.m2\repository\org\junit\platform\junit-platform-commons\1.8.2\junit-platform-commons-1.8.2.jar;C:\Users\subhashbabu.yamparal\.m2\repository\org\apiguardian\apiguardian-api\1.1.2\apiguardian-api-1.1.2.jar;C:\Users\subhashbabu.yamparal\.m2\repository\org\junit\jupiter\junit-jupiter-params\5.8.2\junit-jupiter-params-5.8.2.jar;C:\Users\subhashbabu.yamparal\.m2\repository\org\junit\jupiter\junit-jupiter-engine\5.8.2\junit-jupiter-engine-5.8.2.jar;C:\Users\subhashbabu.yamparal\.m2\repository\org\junit\platform\junit-platform-engine\1.8.2\junit-platform-engine-1.8.2.jar;C:\Users\subhashbabu.yamparal\.m2\repository\org\mockito\mockito-core\4.0.0\mockito-core-4.0.0.jar;C:\Users\subhashbabu.yamparal\.m2\repository\net\bytebuddy\byte-buddy-agent\1.11.22\byte-buddy-agent-1.11.22.jar;C:\Users\subhashbabu.yamparal\.m2\repository\org\objenesis\objenesis\3.2\objenesis-3.2.jar;C:\Users\subhashbabu.yamparal\.m2\repository\org\mockito\mockito-junit-jupiter\4.0.0\mockito-junit-jupiter-4.0.0.jar;C:\Users\subhashbabu.yamparal\.m2\repository\org\skyscreamer\jsonassert\1.5.0\jsonassert-1.5.0.jar;C:\Users\subhashbabu.yamparal\.m2\repository\com\vaadin\external\google\android-json\0.0.20131108.vaadin1\android-json-0.0.20131108.vaadin1.jar;C:\Users\subhashbabu.yamparal\.m2\repository\org\springframework\spring-core\5.3.16\spring-core-5.3.16.jar;C:\Users\subhashbabu.yamparal\.m2\repository\org\springframework\spring-jcl\5.3.16\spring-jcl-5.3.16.jar;C:\Users\subhashbabu.yamparal\.m2\repository\org\springframework\spring-test\5.3.16\spring-test-5.3.16.jar;C:\Users\subhashbabu.yamparal\.m2\repository\org\xmlunit\xmlunit-core\2.8.4\xmlunit-core-2.8.4.jar;C:\Users\subhashbabu.yamparal\.m2\repository\junit\junit\4.12\junit-4.12.jar;C:\Users\subhashbabu.yamparal\.m2\repository\org\hamcrest\hamcrest-core\2.2\hamcrest-core-2.2.jar;C:\Users\subhashbabu.yamparal\.m2\repository\com\h2database\h2\1.4.200\h2-1.4.200.jar;C:\Users\subhashbabu.yamparal\.m2\repository\org\postgresql\postgresql\42.3.3\postgresql-42.3.3.jar;C:\Users\subhashbabu.yamparal\.m2\repository\org\checkerframework\checker-qual\3.5.0\checker-qual-3.5.0.jar;C:\Users\subhashbabu.yamparal\.m2\repository\org\modelmapper\modelmapper\2.3.2\modelmapper-2.3.2.jar;C:\Users\subhashbabu.yamparal\.m2\repository\com\google\code\gson\gson\2.8.5\gson-2.8.5.jar;C:\Users\subhashbabu.yamparal\.m2\repository\javax\validation\validation-api\2.0.1.Final\validation-api-2.0.1.Final.jar;"/>
    <property name="java.vm.vendor" value="Oracle Corporation"/>
    <property name="sun.arch.data.model" value="64"/>
    <property name="user.variant" value=""/>
    <property name="java.vendor.url" value="https://openjdk.java.net/"/>
    <property name="user.timezone" value="Europe/Berlin"/>
    <property name="java.vm.specification.version" value="11"/>
    <property name="os.name" value="Windows 10"/>
    <property name="sun.java.launcher" value="SUN_STANDARD"/>
    <property name="user.country" value="US"/>
    <property name="sun.boot.library.path" value="C:\Program Files\Java\jdk-11.0.11\bin"/>
    <property name="sun.java.command" value="C:\Users\subhashbabu.yamparal\AppData\Local\Temp\surefire17595940033328446973\surefirebooter2208943357193724279.jar C:\Users\subhashbabu.yamparal\AppData\Local\Temp\surefire17595940033328446973 2022-03-10T15-27-17_375-jvmRun1 surefire17317226662627495808tmp surefire_01752446526923145576tmp"/>
    <property name="jdk.debug" value="release"/>
    <property name="surefire.test.class.path" value="C:\Users\subhashbabu.yamparal\Downloads\attsw_exam (2)\target\test-classes;C:\Users\subhashbabu.yamparal\Downloads\attsw_exam (2)\target\classes;C:\Users\subhashbabu.yamparal\.m2\repository\org\springframework\boot\spring-boot-starter-data-jpa\2.6.4\spring-boot-starter-data-jpa-2.6.4.jar;C:\Users\subhashbabu.yamparal\.m2\repository\org\springframework\boot\spring-boot-starter-aop\2.6.4\spring-boot-starter-aop-2.6.4.jar;C:\Users\subhashbabu.yamparal\.m2\repository\org\springframework\spring-aop\5.3.16\spring-aop-5.3.16.jar;C:\Users\subhashbabu.yamparal\.m2\repository\org\aspectj\aspectjweaver\1.9.7\aspectjweaver-1.9.7.jar;C:\Users\subhashbabu.yamparal\.m2\repository\org\springframework\boot\spring-boot-starter-jdbc\2.6.4\spring-boot-starter-jdbc-2.6.4.jar;C:\Users\subhashbabu.yamparal\.m2\repository\com\zaxxer\HikariCP\4.0.3\HikariCP-4.0.3.jar;C:\Users\subhashbabu.yamparal\.m2\repository\org\springframework\spring-jdbc\5.3.16\spring-jdbc-5.3.16.jar;C:\Users\subhashbabu.yamparal\.m2\repository\jakarta\transaction\jakarta.transaction-api\1.3.3\jakarta.transaction-api-1.3.3.jar;C:\Users\subhashbabu.yamparal\.m2\repository\jakarta\persistence\jakarta.persistence-api\2.2.3\jakarta.persistence-api-2.2.3.jar;C:\Users\subhashbabu.yamparal\.m2\repository\org\hibernate\hibernate-core\5.6.5.Final\hibernate-core-5.6.5.Final.jar;C:\Users\subhashbabu.yamparal\.m2\repository\org\jboss\logging\jboss-logging\3.4.3.Final\jboss-logging-3.4.3.Final.jar;C:\Users\subhashbabu.yamparal\.m2\repository\net\bytebuddy\byte-buddy\1.11.22\byte-buddy-1.11.22.jar;C:\Users\subhashbabu.yamparal\.m2\repository\antlr\antlr\2.7.7\antlr-2.7.7.jar;C:\Users\subhashbabu.yamparal\.m2\repository\org\jboss\jandex\2.4.2.Final\jandex-2.4.2.Final.jar;C:\Users\subhashbabu.yamparal\.m2\repository\com\fasterxml\classmate\1.5.1\classmate-1.5.1.jar;C:\Users\subhashbabu.yamparal\.m2\repository\org\hibernate\common\hibernate-commons-annotations\5.1.2.Final\hibernate-commons-annotations-5.1.2.Final.jar;C:\Users\subhashbabu.yamparal\.m2\repository\org\glassfish\jaxb\jaxb-runtime\2.3.6\jaxb-runtime-2.3.6.jar;C:\Users\subhashbabu.yamparal\.m2\repository\org\glassfish\jaxb\txw2\2.3.6\txw2-2.3.6.jar;C:\Users\subhashbabu.yamparal\.m2\repository\com\sun\istack\istack-commons-runtime\3.0.12\istack-commons-runtime-3.0.12.jar;C:\Users\subhashbabu.yamparal\.m2\repository\com\sun\activation\jakarta.activation\1.2.2\jakarta.activation-1.2.2.jar;C:\Users\subhashbabu.yamparal\.m2\repository\org\springframework\data\spring-data-jpa\2.6.2\spring-data-jpa-2.6.2.jar;C:\Users\subhashbabu.yamparal\.m2\repository\org\springframework\data\spring-data-commons\2.6.2\spring-data-commons-2.6.2.jar;C:\Users\subhashbabu.yamparal\.m2\repository\org\springframework\spring-orm\5.3.16\spring-orm-5.3.16.jar;C:\Users\subhashbabu.yamparal\.m2\repository\org\springframework\spring-context\5.3.16\spring-context-5.3.16.jar;C:\Users\subhashbabu.yamparal\.m2\repository\org\springframework\spring-tx\5.3.16\spring-tx-5.3.16.jar;C:\Users\subhashbabu.yamparal\.m2\repository\org\springframework\spring-beans\5.3.16\spring-beans-5.3.16.jar;C:\Users\subhashbabu.yamparal\.m2\repository\org\slf4j\slf4j-api\1.7.36\slf4j-api-1.7.36.jar;C:\Users\subhashbabu.yamparal\.m2\repository\org\springframework\spring-aspects\5.3.16\spring-aspects-5.3.16.jar;C:\Users\subhashbabu.yamparal\.m2\repository\org\springframework\boot\spring-boot-starter-web\2.6.4\spring-boot-starter-web-2.6.4.jar;C:\Users\subhashbabu.yamparal\.m2\repository\org\springframework\boot\spring-boot-starter\2.6.4\spring-boot-starter-2.6.4.jar;C:\Users\subhashbabu.yamparal\.m2\repository\org\springframework\boot\spring-boot\2.6.4\spring-boot-2.6.4.jar;C:\Users\subhashbabu.yamparal\.m2\repository\org\springframework\boot\spring-boot-autoconfigure\2.6.4\spring-boot-autoconfigure-2.6.4.jar;C:\Users\subhashbabu.yamparal\.m2\repository\org\springframework\boot\spring-boot-starter-logging\2.6.4\spring-boot-starter-logging-2.6.4.jar;C:\Users\subhashbabu.yamparal\.m2\repository\ch\qos\logback\logback-classic\1.2.10\logback-classic-1.2.10.jar;C:\Users\subhashbabu.yamparal\.m2\repository\ch\qos\logback\logback-core\1.2.10\logback-core-1.2.10.jar;C:\Users\subhashbabu.yamparal\.m2\repository\org\apache\logging\log4j\log4j-to-slf4j\2.17.1\log4j-to-slf4j-2.17.1.jar;C:\Users\subhashbabu.yamparal\.m2\repository\org\apache\logging\log4j\log4j-api\2.17.1\log4j-api-2.17.1.jar;C:\Users\subhashbabu.yamparal\.m2\repository\org\slf4j\jul-to-slf4j\1.7.36\jul-to-slf4j-1.7.36.jar;C:\Users\subhashbabu.yamparal\.m2\repository\jakarta\annotation\jakarta.annotation-api\1.3.5\jakarta.annotation-api-1.3.5.jar;C:\Users\subhashbabu.yamparal\.m2\repository\org\yaml\snakeyaml\1.29\snakeyaml-1.29.jar;C:\Users\subhashbabu.yamparal\.m2\repository\org\springframework\boot\spring-boot-starter-json\2.6.4\spring-boot-starter-json-2.6.4.jar;C:\Users\subhashbabu.yamparal\.m2\repository\com\fasterxml\jackson\core\jackson-databind\2.13.1\jackson-databind-2.13.1.jar;C:\Users\subhashbabu.yamparal\.m2\repository\com\fasterxml\jackson\core\jackson-annotations\2.13.1\jackson-annotations-2.13.1.jar;C:\Users\subhashbabu.yamparal\.m2\repository\com\fasterxml\jackson\core\jackson-core\2.13.1\jackson-core-2.13.1.jar;C:\Users\subhashbabu.yamparal\.m2\repository\com\fasterxml\jackson\datatype\jackson-datatype-jdk8\2.13.1\jackson-datatype-jdk8-2.13.1.jar;C:\Users\subhashbabu.yamparal\.m2\repository\com\fasterxml\jackson\datatype\jackson-datatype-jsr310\2.13.1\jackson-datatype-jsr310-2.13.1.jar;C:\Users\subhashbabu.yamparal\.m2\repository\com\fasterxml\jackson\module\jackson-module-parameter-names\2.13.1\jackson-module-parameter-names-2.13.1.jar;C:\Users\subhashbabu.yamparal\.m2\repository\org\springframework\boot\spring-boot-starter-tomcat\2.6.4\spring-boot-starter-tomcat-2.6.4.jar;C:\Users\subhashbabu.yamparal\.m2\repository\org\apache\tomcat\embed\tomcat-embed-core\9.0.58\tomcat-embed-core-9.0.58.jar;C:\Users\subhashbabu.yamparal\.m2\repository\org\apache\tomcat\embed\tomcat-embed-el\9.0.58\tomcat-embed-el-9.0.58.jar;C:\Users\subhashbabu.yamparal\.m2\repository\org\apache\tomcat\embed\tomcat-embed-websocket\9.0.58\tomcat-embed-websocket-9.0.58.jar;C:\Users\subhashbabu.yamparal\.m2\repository\org\springframework\spring-web\5.3.16\spring-web-5.3.16.jar;C:\Users\subhashbabu.yamparal\.m2\repository\org\springframework\spring-webmvc\5.3.16\spring-webmvc-5.3.16.jar;C:\Users\subhashbabu.yamparal\.m2\repository\org\springframework\spring-expression\5.3.16\spring-expression-5.3.16.jar;C:\Users\subhashbabu.yamparal\.m2\repository\org\projectlombok\lombok\1.18.22\lombok-1.18.22.jar;C:\Users\subhashbabu.yamparal\.m2\repository\org\springframework\boot\spring-boot-starter-test\2.6.4\spring-boot-starter-test-2.6.4.jar;C:\Users\subhashbabu.yamparal\.m2\repository\org\springframework\boot\spring-boot-test\2.6.4\spring-boot-test-2.6.4.jar;C:\Users\subhashbabu.yamparal\.m2\repository\org\springframework\boot\spring-boot-test-autoconfigure\2.6.4\spring-boot-test-autoconfigure-2.6.4.jar;C:\Users\subhashbabu.yamparal\.m2\repository\com\jayway\jsonpath\json-path\2.6.0\json-path-2.6.0.jar;C:\Users\subhashbabu.yamparal\.m2\repository\net\minidev\json-smart\2.4.8\json-smart-2.4.8.jar;C:\Users\subhashbabu.yamparal\.m2\repository\net\minidev\accessors-smart\2.4.8\accessors-smart-2.4.8.jar;C:\Users\subhashbabu.yamparal\.m2\repository\org\ow2\asm\asm\9.1\asm-9.1.jar;C:\Users\subhashbabu.yamparal\.m2\repository\jakarta\xml\bind\jakarta.xml.bind-api\2.3.3\jakarta.xml.bind-api-2.3.3.jar;C:\Users\subhashbabu.yamparal\.m2\repository\jakarta\activation\jakarta.activation-api\1.2.2\jakarta.activation-api-1.2.2.jar;C:\Users\subhashbabu.yamparal\.m2\repository\org\assertj\assertj-core\3.21.0\assertj-core-3.21.0.jar;C:\Users\subhashbabu.yamparal\.m2\repository\org\hamcrest\hamcrest\2.2\hamcrest-2.2.jar;C:\Users\subhashbabu.yamparal\.m2\repository\org\junit\jupiter\junit-jupiter\5.8.2\junit-jupiter-5.8.2.jar;C:\Users\subhashbabu.yamparal\.m2\repository\org\junit\jupiter\junit-jupiter-api\5.8.2\junit-jupiter-api-5.8.2.jar;C:\Users\subhashbabu.yamparal\.m2\repository\org\opentest4j\opentest4j\1.2.0\opentest4j-1.2.0.jar;C:\Users\subhashbabu.yamparal\.m2\repository\org\junit\platform\junit-platform-commons\1.8.2\junit-platform-commons-1.8.2.jar;C:\Users\subhashbabu.yamparal\.m2\repository\org\apiguardian\apiguardian-api\1.1.2\apiguardian-api-1.1.2.jar;C:\Users\subhashbabu.yamparal\.m2\repository\org\junit\jupiter\junit-jupiter-params\5.8.2\junit-jupiter-params-5.8.2.jar;C:\Users\subhashbabu.yamparal\.m2\repository\org\junit\jupiter\junit-jupiter-engine\5.8.2\junit-jupiter-engine-5.8.2.jar;C:\Users\subhashbabu.yamparal\.m2\repository\org\junit\platform\junit-platform-engine\1.8.2\junit-platform-engine-1.8.2.jar;C:\Users\subhashbabu.yamparal\.m2\repository\org\mockito\mockito-core\4.0.0\mockito-core-4.0.0.jar;C:\Users\subhashbabu.yamparal\.m2\repository\net\bytebuddy\byte-buddy-agent\1.11.22\byte-buddy-agent-1.11.22.jar;C:\Users\subhashbabu.yamparal\.m2\repository\org\objenesis\objenesis\3.2\objenesis-3.2.jar;C:\Users\subhashbabu.yamparal\.m2\repository\org\mockito\mockito-junit-jupiter\4.0.0\mockito-junit-jupiter-4.0.0.jar;C:\Users\subhashbabu.yamparal\.m2\repository\org\skyscreamer\jsonassert\1.5.0\jsonassert-1.5.0.jar;C:\Users\subhashbabu.yamparal\.m2\repository\com\vaadin\external\google\android-json\0.0.20131108.vaadin1\android-json-0.0.20131108.vaadin1.jar;C:\Users\subhashbabu.yamparal\.m2\repository\org\springframework\spring-core\5.3.16\spring-core-5.3.16.jar;C:\Users\subhashbabu.yamparal\.m2\repository\org\springframework\spring-jcl\5.3.16\spring-jcl-5.3.16.jar;C:\Users\subhashbabu.yamparal\.m2\repository\org\springframework\spring-test\5.3.16\spring-test-5.3.16.jar;C:\Users\subhashbabu.yamparal\.m2\repository\org\xmlunit\xmlunit-core\2.8.4\xmlunit-core-2.8.4.jar;C:\Users\subhashbabu.yamparal\.m2\repository\junit\junit\4.12\junit-4.12.jar;C:\Users\subhashbabu.yamparal\.m2\repository\org\hamcrest\hamcrest-core\2.2\hamcrest-core-2.2.jar;C:\Users\subhashbabu.yamparal\.m2\repository\com\h2database\h2\1.4.200\h2-1.4.200.jar;C:\Users\subhashbabu.yamparal\.m2\repository\org\postgresql\postgresql\42.3.3\postgresql-42.3.3.jar;C:\Users\subhashbabu.yamparal\.m2\repository\org\checkerframework\checker-qual\3.5.0\checker-qual-3.5.0.jar;C:\Users\subhashbabu.yamparal\.m2\repository\org\modelmapper\modelmapper\2.3.2\modelmapper-2.3.2.jar;C:\Users\subhashbabu.yamparal\.m2\repository\com\google\code\gson\gson\2.8.5\gson-2.8.5.jar;C:\Users\subhashbabu.yamparal\.m2\repository\javax\validation\validation-api\2.0.1.Final\validation-api-2.0.1.Final.jar;"/>
    <property name="sun.cpu.endian" value="little"/>
    <property name="user.home" value="C:\Users\subhashbabu.yamparal"/>
    <property name="user.language" value="en"/>
    <property name="java.specification.vendor" value="Oracle Corporation"/>
    <property name="java.version.date" value="2021-04-20"/>
    <property name="java.home" value="C:\Program Files\Java\jdk-11.0.11"/>
    <property name="file.separator" value="\"/>
    <property name="basedir" value="C:\Users\subhashbabu.yamparal\Downloads\attsw_exam (2)"/>
    <property name="java.vm.compressedOopsMode" value="32-bit"/>
    <property name="line.separator" value="&#10;"/>
    <property name="java.specification.name" value="Java Platform API Specification"/>
    <property name="java.vm.specification.vendor" value="Oracle Corporation"/>
    <property name="java.awt.graphicsenv" value="sun.awt.Win32GraphicsEnvironment"/>
    <property name="surefire.real.class.path" value="C:\Users\subhashbabu.yamparal\AppData\Local\Temp\surefire17595940033328446973\surefirebooter2208943357193724279.jar"/>
    <property name="user.script" value=""/>
    <property name="sun.management.compiler" value="HotSpot 64-Bit Tiered Compilers"/>
    <property name="java.runtime.version" value="11.0.11+9-LTS-194"/>
    <property name="user.name" value="subhashbabu.yamparal"/>
    <property name="path.separator" value=";"/>
    <property name="os.version" value="10.0"/>
    <property name="java.runtime.name" value="Java(TM) SE Runtime Environment"/>
    <property name="file.encoding" value="Cp1252"/>
    <property name="java.vm.name" value="Java HotSpot(TM) 64-Bit Server VM"/>
    <property name="java.vendor.version" value="18.9"/>
    <property name="localRepository" value="C:\Users\subhashbabu.yamparal\.m2\repository"/>
    <property name="java.vendor.url.bug" value="https://bugreport.java.com/bugreport/"/>
    <property name="java.io.tmpdir" value="C:\Users\subhashbabu.yamparal\AppData\Local\Temp\"/>
    <property name="java.version" value="11.0.11"/>
    <property name="user.dir" value="C:\Users\subhashbabu.yamparal\Downloads\attsw_exam (2)"/>
    <property name="os.arch" value="amd64"/>
    <property name="java.vm.specification.name" value="Java Virtual Machine Specification"/>
    <property name="java.awt.printerjob" value="sun.awt.windows.WPrinterJob"/>
    <property name="sun.os.patch.level" value=""/>
    <property name="java.library.path" value="C:\Program Files\Java\jdk-11.0.11\bin;C:\WINDOWS\Sun\Java\bin;C:\WINDOWS\system32;C:\WINDOWS;C:\Program Files\Common Files\Oracle\Java\javapath;C:\ActiveTcl\bin;C:\Program Files\AdoptOpenJDK\jdk-11.0.10.9-hotspot\bin;C:\Python38\Scripts\;C:\Python38\;C:\Program Files (x86)\Common Files\Oracle\Java\javapath;C:\WINDOWS\system32;C:\WINDOWS;C:\WINDOWS\System32\Wbem;C:\WINDOWS\System32\WindowsPowerShell\v1.0\;C:\WINDOWS\System32\OpenSSH\;C:\Program Files\Intel\WiFi\bin\;C:\Program Files\Common Files\Intel\WirelessCommon\;C:\Program Files\Java\jdk1.8.0_241\bin;C:\ProgramData\chocolatey\bin;C:\Program Files\PuTTY\;C:\Program Files\Git\cmd;C:\Program Files\Java\jdk-11.0.11\bin;C:\apache-maven-3.8.1-bin\apache-maven-3.8.1\bin;C:\Program Files\nodejs\;C:\Program Files\Docker\Docker\resources\bin;C:\ProgramData\DockerDesktop\version-bin;C:\Tcl\bin;C:\Users\subhashbabu.yamparal\AppData\Local\Microsoft\WindowsApps;C:\Users\subhashbabu.yamparal\AppData\Local\Programs\Microsoft VS Code\bin;C:\Users\subhashbabu.yamparal\AppData\Local\GitHubDesktop\bin;C:\Users\subhashbabu.yamparal\AppData\Roaming\npm;."/>
    <property name="java.vendor" value="Oracle Corporation"/>
    <property name="java.vm.info" value="mixed mode"/>
    <property name="java.vm.version" value="11.0.11+9-LTS-194"/>
    <property name="sun.io.unicode.encoding" value="UnicodeLittle"/>
    <property name="java.class.version" value="55.0"/>
  </properties>
  <testcase name="testFindByIdAndStatus" classname="com.attsw.attsw_exam.AttswExamApplicationTests" time="0.103"/>
  <testcase name="testActiveTeachersList" classname="com.attsw.attsw_exam.AttswExamApplicationTests" time="0.025"/>
  <testcase name="testFindAllByCollleageName" classname="com.attsw.attsw_exam.AttswExamApplicationTests" time="0.005"/>
  <testcase name="findAllActiveTeachers" classname="com.attsw.attsw_exam.AttswExamApplicationTests" time="0.352"/>
  <testcase name="testFinalAllActiveReturnOkControlerTest" classname="com.attsw.attsw_exam.AttswExamApplicationTests" time="0.082"/>
  <testcase name="testFindByIdTeacher" classname="com.attsw.attsw_exam.AttswExamApplicationTests" time="0.005"/>
  <testcase name="testSaveTeacher" classname="com.attsw.attsw_exam.AttswExamApplicationTests" time="0.056"/>
  <testcase name="testDeleteStudentService" classname="com.attsw.attsw_exam.AttswExamApplicationTests" time="0.022"/>
  <testcase name="testFindByEmailTeacher" classname="com.attsw.attsw_exam.AttswExamApplicationTests" time="0.013"/>
  <testcase name="testActiveStudent" classname="com.attsw.attsw_exam.AttswExamApplicationTests" time="0.005"/>
  <testcase name="getStudentControlerTest" classname="com.attsw.attsw_exam.AttswExamApplicationTests" time="0.181"/>
  <testcase name="testFindStudentByAge" classname="com.attsw.attsw_exam.AttswExamApplicationTests" time="0.002"/>
  <testcase name="testUpdateTeacher" classname="com.attsw.attsw_exam.AttswExamApplicationTests" time="0.013"/>
  <testcase name="testDeleteTeacherWithoutStudent" classname="com.attsw.attsw_exam.AttswExamApplicationTests" time="0.002"/>
  <testcase name="updateTeachersControlerTestSuccessResponse" classname="com.attsw.attsw_exam.AttswExamApplicationTests" time="0.128"/>
  <testcase name="applicationStarts" classname="com.attsw.attsw_exam.AttswExamApplicationTests" time="0"/>
  <testcase name="findAllTeachers" classname="com.attsw.attsw_exam.AttswExamApplicationTests" time="0.01"/>
  <testcase name="findAllTest" classname="com.attsw.attsw_exam.AttswExamApplicationTests" time="0.014"/>
  <testcase name="testDeleteTeacher" classname="com.attsw.attsw_exam.AttswExamApplicationTests" time="0.008"/>
  <testcase name="deleteTeachersControlerTest" classname="com.attsw.attsw_exam.AttswExamApplicationTests" time="0.009"/>
  <testcase name="updateTeachersControlerTestServerErrorResponse" classname="com.attsw.attsw_exam.AttswExamApplicationTests" time="0.008"/>
  <testcase name="findTeacherByIdControlerTest" classname="com.attsw.attsw_exam.AttswExamApplicationTests" time="0.018"/>
  <testcase name="updateStudentControlerTest" classname="com.attsw.attsw_exam.AttswExamApplicationTests" time="0.018"/>
  <testcase name="testFindStudentByCollageName" classname="com.attsw.attsw_exam.AttswExamApplicationTests" time="0"/>
  <testcase name="findAllDeactiveTeachers" classname="com.attsw.attsw_exam.AttswExamApplicationTests" time="0.01"/>
  <testcase name="testFinalAllActiveDifControlerTest" classname="com.attsw.attsw_exam.AttswExamApplicationTests" time="0.006"/>
  <testcase name="saveTeachersControlerTest" classname="com.attsw.attsw_exam.AttswExamApplicationTests" time="0.019"/>
  <testcase name="deleteSuceessTeachersControlerTest" classname="com.attsw.attsw_exam.AttswExamApplicationTests" time="0.013"/>
  <testcase name="saveStudentControlerTest" classname="com.attsw.attsw_exam.AttswExamApplicationTests" time="0.023"/>
  <testcase name="testDeactiveTeachers" classname="com.attsw.attsw_exam.AttswExamApplicationTests" time="0.011"/>
  <testcase name="testSystemActiveStudent" classname="com.attsw.attsw_exam.AttswExamApplicationTests" time="0.01"/>
  <testcase name="testDeactiveStudent" classname="com.attsw.attsw_exam.AttswExamApplicationTests" time="0"/>
  <testcase name="testSaveService" classname="com.attsw.attsw_exam.AttswExamApplicationTests" time="0.022"/>
  <testcase name="deleteStudentControlerTest" classname="com.attsw.attsw_exam.AttswExamApplicationTests" time="0.022"/>
  <testcase name="testUpdateStudentService" classname="com.attsw.attsw_exam.AttswExamApplicationTests" time="0.007"/>
</testsuite>